<?xml version="1.0" encoding="UTF-8"?>
<!-- Generated by org.testng.reporters.JUnitReportReporter -->
<testsuite hostname="LAPTOP-QDF0L3KR" failures="0" tests="1" name="test_testng.Test_01" time="0.017" errors="0" timestamp="2022-09-15T22:35:05 IST" skipped="0">
  <testcase classname="test_testng.Test_01" name="Test_01" time="0.017"/>
  <system-out/>
</testsuite> <!-- test_testng.Test_01 -->
