<?xml version="1.0" encoding="UTF-8"?>
<!-- Generated by org.testng.reporters.JUnitReportReporter -->
<testsuite hostname="LAPTOP-QDF0L3KR" failures="0" tests="4" name="test_testng.Test_testng_001" time="40.630" errors="0" timestamp="2022-10-02T18:50:41 IST" skipped="0">
  <testcase classname="test_testng.Test_testng_001" name="t1" time="17.893"/>
  <system-out/>
  <testcase classname="test_testng.Test_testng_001" name="t1" time="7.212"/>
  <system-out/>
  <testcase classname="test_testng.Test_testng_001" name="t1" time="6.248"/>
  <system-out/>
  <testcase classname="test_testng.Test_testng_001" name="t1" time="9.277"/>
  <system-out/>
</testsuite> <!-- test_testng.Test_testng_001 -->
