<?xml version="1.0" encoding="UTF-8"?>
<!-- Generated by org.testng.reporters.JUnitReportReporter -->
<testsuite hostname="LAPTOP-QDF0L3KR" failures="0" tests="1" name="demo_test.Test_login" time="4.759" errors="0" timestamp="2022-09-18T23:25:45 IST" skipped="0">
  <testcase classname="demo_test.Test_login" name="test1" time="4.759"/>
  <system-out/>
</testsuite> <!-- demo_test.Test_login -->
