<?xml version="1.0" encoding="UTF-8"?>
<!-- Generated by org.testng.reporters.JUnitReportReporter -->
<testsuite hostname="LAPTOP-QDF0L3KR" failures="0" tests="1" name="testdatareader.Getexceldataprovider" time="4.965" errors="0" timestamp="2022-09-18T23:12:44 IST" skipped="0">
  <testcase classname="testdatareader.Getexceldataprovider" name="exceltest" time="4.965"/>
  <system-out/>
</testsuite> <!-- testdatareader.Getexceldataprovider -->
