<?xml version="1.0" encoding="UTF-8"?>
<!-- Generated by org.testng.reporters.JUnitReportReporter -->
<testsuite hostname="LAPTOP-QDF0L3KR" failures="0" tests="1" name="testdatareader.ExcelDataReader" time="0.886" errors="0" timestamp="2022-09-18T20:52:04 IST" skipped="0">
  <testcase classname="testdatareader.ExcelDataReader" name="test_read" time="0.886"/>
  <system-out/>
</testsuite> <!-- testdatareader.ExcelDataReader -->
